The system is: Windows - 10.0.19044 - AMD64
Compiling the C compiler identification source file "CMakeCCompilerId.c" succeeded.
Compiler: C:/Program Files/Microsoft Visual Studio/2022/Community/VC/Tools/MSVC/14.34.31933/bin/Hostx64/x64/cl.exe 
Build flags: 
Id flags:  

The output was:
0
Microsoft (R) C/C++ Optimizing Compiler Version 19.34.31935 for x64
Copyright (C) Microsoft Corporation.  All rights reserved.

CMakeCCompilerId.c
Microsoft (R) Incremental Linker Version 14.34.31935.0
Copyright (C) Microsoft Corporation.  All rights reserved.

/out:CMakeCCompilerId.exe 
CMakeCCompilerId.obj 


Compilation of the C compiler identification source "CMakeCCompilerId.c" produced "CMakeCCompilerId.exe"

Compilation of the C compiler identification source "CMakeCCompilerId.c" produced "CMakeCCompilerId.obj"

The C compiler identification is MSVC, found in "C:/Users/rasmu/Työpöytä/visualcode files/test123/group-4-project-angry-planes/out/build/x64-Debug/CMakeFiles/3.24.202208181-MSVC_2/CompilerIdC/CMakeCCompilerId.exe"

Compiling the CXX compiler identification source file "CMakeCXXCompilerId.cpp" succeeded.
Compiler: C:/Program Files/Microsoft Visual Studio/2022/Community/VC/Tools/MSVC/14.34.31933/bin/Hostx64/x64/cl.exe 
Build flags: 
Id flags:  

The output was:
0
Microsoft (R) C/C++ Optimizing Compiler Version 19.34.31935 for x64
Copyright (C) Microsoft Corporation.  All rights reserved.

CMakeCXXCompilerId.cpp
Microsoft (R) Incremental Linker Version 14.34.31935.0
Copyright (C) Microsoft Corporation.  All rights reserved.

/out:CMakeCXXCompilerId.exe 
CMakeCXXCompilerId.obj 


Compilation of the CXX compiler identification source "CMakeCXXCompilerId.cpp" produced "CMakeCXXCompilerId.exe"

Compilation of the CXX compiler identification source "CMakeCXXCompilerId.cpp" produced "CMakeCXXCompilerId.obj"

The CXX compiler identification is MSVC, found in "C:/Users/rasmu/Työpöytä/visualcode files/test123/group-4-project-angry-planes/out/build/x64-Debug/CMakeFiles/3.24.202208181-MSVC_2/CompilerIdCXX/CMakeCXXCompilerId.exe"

Detecting C compiler ABI info compiled with the following output:
Change Dir: C:/Users/rasmu/Työpöytä/visualcode files/test123/group-4-project-angry-planes/out/build/x64-Debug/CMakeFiles/CMakeTmp

Run Build Command(s):C:/Program Files/Microsoft Visual Studio/2022/Community/Common7/IDE/CommonExtensions/Microsoft/CMake/Ninja/ninja.exe cmTC_1fd9a && [1/2] Building C object CMakeFiles\cmTC_1fd9a.dir\CMakeCCompilerABI.c.obj
[2/2] Linking C executable cmTC_1fd9a.exe



Detecting CXX compiler ABI info compiled with the following output:
Change Dir: C:/Users/rasmu/Työpöytä/visualcode files/test123/group-4-project-angry-planes/out/build/x64-Debug/CMakeFiles/CMakeTmp

Run Build Command(s):C:/Program Files/Microsoft Visual Studio/2022/Community/Common7/IDE/CommonExtensions/Microsoft/CMake/Ninja/ninja.exe cmTC_d22ba && [1/2] Building CXX object CMakeFiles\cmTC_d22ba.dir\CMakeCXXCompilerABI.cpp.obj
[2/2] Linking CXX executable cmTC_d22ba.exe



Determining if the include file sys/types.h exists passed with the following output:
Change Dir: C:/Users/rasmu/Työpöytä/visualcode files/test123/group-4-project-angry-planes/out/build/x64-Debug/CMakeFiles/CMakeTmp

Run Build Command(s):C:/Program Files/Microsoft Visual Studio/2022/Community/Common7/IDE/CommonExtensions/Microsoft/CMake/Ninja/ninja.exe cmTC_c1b70 && [1/2] Building C object CMakeFiles\cmTC_c1b70.dir\CheckIncludeFile.c.obj
[2/2] Linking C executable cmTC_c1b70.exe



Determining if the include file stdint.h exists passed with the following output:
Change Dir: C:/Users/rasmu/Työpöytä/visualcode files/test123/group-4-project-angry-planes/out/build/x64-Debug/CMakeFiles/CMakeTmp

Run Build Command(s):C:/Program Files/Microsoft Visual Studio/2022/Community/Common7/IDE/CommonExtensions/Microsoft/CMake/Ninja/ninja.exe cmTC_5a37e && [1/2] Building C object CMakeFiles\cmTC_5a37e.dir\CheckIncludeFile.c.obj
[2/2] Linking C executable cmTC_5a37e.exe



Determining if the include file stddef.h exists passed with the following output:
Change Dir: C:/Users/rasmu/Työpöytä/visualcode files/test123/group-4-project-angry-planes/out/build/x64-Debug/CMakeFiles/CMakeTmp

Run Build Command(s):C:/Program Files/Microsoft Visual Studio/2022/Community/Common7/IDE/CommonExtensions/Microsoft/CMake/Ninja/ninja.exe cmTC_006ff && [1/2] Building C object CMakeFiles\cmTC_006ff.dir\CheckIncludeFile.c.obj
[2/2] Linking C executable cmTC_006ff.exe



Determining size of void* passed with the following output:
Change Dir: C:/Users/rasmu/Työpöytä/visualcode files/test123/group-4-project-angry-planes/out/build/x64-Debug/CMakeFiles/CMakeTmp

Run Build Command(s):C:/Program Files/Microsoft Visual Studio/2022/Community/Common7/IDE/CommonExtensions/Microsoft/CMake/Ninja/ninja.exe cmTC_749ae && [1/2] Building C object CMakeFiles\cmTC_749ae.dir\SIZEOF_VOID_PTR.c.obj
[2/2] Linking C executable cmTC_749ae.exe



